2021-11-20T10:07:44+00:00 CRITICAL Uncaught TypeError: call_user_func_array(): Argument #1 ($callback) must be a valid callback, function "crazyrocket_logout" not found or invalid function name in C:\xampp\htdocs\PGPI\wp-includes\class-wp-hook.php:303
Stack trace:
#0 C:\xampp\htdocs\PGPI\wp-includes\class-wp-hook.php(327): WP_Hook->apply_filters(false, Array)
#1 C:\xampp\htdocs\PGPI\wp-includes\plugin.php(470): WP_Hook->do_action(Array)
#2 C:\xampp\htdocs\PGPI\wp-includes\pluggable.php(644): do_action('wp_logout', 1)
#3 C:\xampp\htdocs\PGPI\wp-login.php(682): wp_logout()
#4 {main}
  thrown en C:\xampp\htdocs\PGPI\wp-includes\class-wp-hook.php en la línea 303

2021-11-20T10:19:49+00:00 CRITICAL Uncaught TypeError: call_user_func_array(): Argument #1 ($callback) must be a valid callback, function "crazyrocket_logout" not found or invalid function name in C:\xampp\htdocs\PGPI\wp-includes\class-wp-hook.php:303
Stack trace:
#0 C:\xampp\htdocs\PGPI\wp-includes\class-wp-hook.php(327): WP_Hook->apply_filters(false, Array)
#1 C:\xampp\htdocs\PGPI\wp-includes\plugin.php(470): WP_Hook->do_action(Array)
#2 C:\xampp\htdocs\PGPI\wp-includes\pluggable.php(644): do_action('wp_logout', 1)
#3 C:\xampp\htdocs\PGPI\wp-login.php(682): wp_logout()
#4 {main}
  thrown en C:\xampp\htdocs\PGPI\wp-includes\class-wp-hook.php en la línea 303

2021-11-20T18:52:32+00:00 CRITICAL Uncaught TypeError: call_user_func_array(): Argument #1 ($callback) must be a valid callback, function "crazyrocket_logout" not found or invalid function name in C:\xampp\htdocs\PGPI\wp-includes\class-wp-hook.php:303
Stack trace:
#0 C:\xampp\htdocs\PGPI\wp-includes\class-wp-hook.php(327): WP_Hook->apply_filters(false, Array)
#1 C:\xampp\htdocs\PGPI\wp-includes\plugin.php(470): WP_Hook->do_action(Array)
#2 C:\xampp\htdocs\PGPI\wp-includes\pluggable.php(644): do_action('wp_logout', 1)
#3 C:\xampp\htdocs\PGPI\wp-login.php(682): wp_logout()
#4 {main}
  thrown en C:\xampp\htdocs\PGPI\wp-includes\class-wp-hook.php en la línea 303

2021-11-20T18:58:12+00:00 CRITICAL Uncaught TypeError: call_user_func_array(): Argument #1 ($callback) must be a valid callback, function "crazyrocket_logout" not found or invalid function name in C:\xampp\htdocs\PGPI\wp-includes\class-wp-hook.php:303
Stack trace:
#0 C:\xampp\htdocs\PGPI\wp-includes\class-wp-hook.php(327): WP_Hook->apply_filters(false, Array)
#1 C:\xampp\htdocs\PGPI\wp-includes\plugin.php(470): WP_Hook->do_action(Array)
#2 C:\xampp\htdocs\PGPI\wp-includes\pluggable.php(644): do_action('wp_logout', 3)
#3 C:\xampp\htdocs\PGPI\wp-login.php(682): wp_logout()
#4 {main}
  thrown en C:\xampp\htdocs\PGPI\wp-includes\class-wp-hook.php en la línea 303

2021-11-20T18:59:50+00:00 CRITICAL Uncaught TypeError: call_user_func_array(): Argument #1 ($callback) must be a valid callback, function "crazyrocket_logout" not found or invalid function name in C:\xampp\htdocs\PGPI\wp-includes\class-wp-hook.php:303
Stack trace:
#0 C:\xampp\htdocs\PGPI\wp-includes\class-wp-hook.php(327): WP_Hook->apply_filters(false, Array)
#1 C:\xampp\htdocs\PGPI\wp-includes\plugin.php(470): WP_Hook->do_action(Array)
#2 C:\xampp\htdocs\PGPI\wp-includes\pluggable.php(644): do_action('wp_logout', 1)
#3 C:\xampp\htdocs\PGPI\wp-login.php(682): wp_logout()
#4 {main}
  thrown en C:\xampp\htdocs\PGPI\wp-includes\class-wp-hook.php en la línea 303

2021-11-20T19:00:53+00:00 CRITICAL Uncaught TypeError: call_user_func_array(): Argument #1 ($callback) must be a valid callback, function "crazyrocket_logout" not found or invalid function name in C:\xampp\htdocs\PGPI\wp-includes\class-wp-hook.php:303
Stack trace:
#0 C:\xampp\htdocs\PGPI\wp-includes\class-wp-hook.php(327): WP_Hook->apply_filters(false, Array)
#1 C:\xampp\htdocs\PGPI\wp-includes\plugin.php(470): WP_Hook->do_action(Array)
#2 C:\xampp\htdocs\PGPI\wp-includes\pluggable.php(644): do_action('wp_logout', 3)
#3 C:\xampp\htdocs\PGPI\wp-login.php(682): wp_logout()
#4 {main}
  thrown en C:\xampp\htdocs\PGPI\wp-includes\class-wp-hook.php en la línea 303

2021-11-20T19:03:52+00:00 CRITICAL Uncaught TypeError: call_user_func_array(): Argument #1 ($callback) must be a valid callback, function "crazyrocket_logout" not found or invalid function name in C:\xampp\htdocs\PGPI\wp-includes\class-wp-hook.php:303
Stack trace:
#0 C:\xampp\htdocs\PGPI\wp-includes\class-wp-hook.php(327): WP_Hook->apply_filters(false, Array)
#1 C:\xampp\htdocs\PGPI\wp-includes\plugin.php(470): WP_Hook->do_action(Array)
#2 C:\xampp\htdocs\PGPI\wp-includes\pluggable.php(644): do_action('wp_logout', 3)
#3 C:\xampp\htdocs\PGPI\wp-login.php(682): wp_logout()
#4 {main}
  thrown en C:\xampp\htdocs\PGPI\wp-includes\class-wp-hook.php en la línea 303

2021-11-20T19:15:02+00:00 CRITICAL Uncaught TypeError: call_user_func_array(): Argument #1 ($callback) must be a valid callback, function "crazyrocket_logout" not found or invalid function name in C:\xampp\htdocs\PGPI\wp-includes\class-wp-hook.php:303
Stack trace:
#0 C:\xampp\htdocs\PGPI\wp-includes\class-wp-hook.php(327): WP_Hook->apply_filters(false, Array)
#1 C:\xampp\htdocs\PGPI\wp-includes\plugin.php(470): WP_Hook->do_action(Array)
#2 C:\xampp\htdocs\PGPI\wp-includes\pluggable.php(644): do_action('wp_logout', 1)
#3 C:\xampp\htdocs\PGPI\wp-login.php(682): wp_logout()
#4 {main}
  thrown en C:\xampp\htdocs\PGPI\wp-includes\class-wp-hook.php en la línea 303

